<?xml version="1.0" encoding="UTF-8"?>
<!-- Generated by org.testng.reporters.JUnitReportReporter -->
<testsuite skipped="0" hostname="ip-172-31-2-140" name="test.LoginTest" tests="1" failures="0" timestamp="2021-02-22T07:13:08 UTC" time="4.889" errors="0">
  <testcase name="testcase" time="4.889" classname="test.LoginTest"/>
  <system-out/>
</testsuite> <!-- test.LoginTest -->
