<?xml version="1.0" encoding="UTF-8"?>
<!-- Generated by org.testng.reporters.JUnitReportReporter -->
<testsuite skipped="0" hostname="ip-172-31-2-140" name="test.ExcelRead" tests="1" failures="0" timestamp="2021-02-23T05:36:55 UTC" time="5.338" errors="0">
  <testcase name="testcase" time="5.338" classname="test.ExcelRead"/>
  <system-out/>
</testsuite> <!-- test.ExcelRead -->
