<?xml version="1.0" encoding="UTF-8"?>
<!-- Generated by org.testng.reporters.JUnitReportReporter -->
<testsuite skipped="0" hostname="ip-172-31-2-140" name="test.CrossBrowser" tests="4" failures="0" timestamp="2021-02-23T04:39:19 UTC" time="10.737" errors="0">
  <testcase name="testcase2" time="2.025" classname="test.CrossBrowser"/>
  <system-out/>
  <testcase name="LaunchFirefox" time="4.251" classname="test.CrossBrowser"/>
  <system-out/>
  <testcase name="testcase1" time="2.392" classname="test.CrossBrowser"/>
  <system-out/>
  <testcase name="LaunchChrome" time="2.069" classname="test.CrossBrowser"/>
  <system-out/>
</testsuite> <!-- test.CrossBrowser -->
